  ConsoleApplication3.cpp
D:\Chnu\Summer\ConsoleApplication4\ConsoleApplication3.cpp(41,33): warning C4290: C++ exception specification ignored except to indicate a function is not __declspec(nothrow)
D:\Chnu\Summer\ConsoleApplication4\ConsoleApplication3.cpp(56,45): warning C4290: C++ exception specification ignored except to indicate a function is not __declspec(nothrow)
D:\Chnu\Summer\ConsoleApplication4\ConsoleApplication3.cpp(62,45): warning C4290: C++ exception specification ignored except to indicate a function is not __declspec(nothrow)
D:\Chnu\Summer\ConsoleApplication4\ConsoleApplication3.cpp(73,43): warning C4290: C++ exception specification ignored except to indicate a function is not __declspec(nothrow)
D:\Chnu\Summer\ConsoleApplication4\ConsoleApplication3.cpp(80,53): warning C4290: C++ exception specification ignored except to indicate a function is not __declspec(nothrow)
D:\Chnu\Summer\ConsoleApplication4\ConsoleApplication3.cpp(138,28): warning C4244: '=': conversion from 'double' to 'float', possible loss of data
D:\Chnu\Summer\ConsoleApplication4\ConsoleApplication3.cpp(170,46): warning C4290: C++ exception specification ignored except to indicate a function is not __declspec(nothrow)
D:\Chnu\Summer\ConsoleApplication4\ConsoleApplication3.cpp(189,65): warning C4290: C++ exception specification ignored except to indicate a function is not __declspec(nothrow)
D:\Chnu\Summer\ConsoleApplication4\ConsoleApplication3.cpp(199,70): warning C4290: C++ exception specification ignored except to indicate a function is not __declspec(nothrow)
D:\Chnu\Summer\ConsoleApplication4\ConsoleApplication3.cpp(207,60): warning C4290: C++ exception specification ignored except to indicate a function is not __declspec(nothrow)
D:\Chnu\Summer\ConsoleApplication4\ConsoleApplication3.cpp(275,28): warning C4244: '=': conversion from 'double' to 'float', possible loss of data
D:\Chnu\Summer\ConsoleApplication4\ConsoleApplication3.cpp(289,28): warning C4244: '=': conversion from 'double' to 'float', possible loss of data
D:\Chnu\Summer\ConsoleApplication4\ConsoleApplication3.cpp(301,28): warning C4244: '=': conversion from 'double' to 'float', possible loss of data
D:\Chnu\Summer\ConsoleApplication4\ConsoleApplication3.cpp(310,16): warning C4244: 'initializing': conversion from 'double' to 'int', possible loss of data
D:\Chnu\Summer\ConsoleApplication4\ConsoleApplication3.cpp(312,22): warning C4244: '=': conversion from 'float' to 'int', possible loss of data
D:\Chnu\Summer\ConsoleApplication4\ConsoleApplication3.cpp(315,25): warning C4244: '=': conversion from 'float' to 'int', possible loss of data
D:\Chnu\Summer\ConsoleApplication4\ConsoleApplication3.cpp(325,29): warning C4244: '=': conversion from 'float' to 'int', possible loss of data
D:\Chnu\Summer\ConsoleApplication4\ConsoleApplication3.cpp(326,34): warning C4244: '=': conversion from 'float' to 'int', possible loss of data
D:\Chnu\Summer\ConsoleApplication4\ConsoleApplication3.cpp(327,32): warning C4244: '=': conversion from 'double' to 'int', possible loss of data
D:\Chnu\Summer\ConsoleApplication4\ConsoleApplication3.cpp(307,21): warning C4101: 'ue': unreferenced local variable
D:\Chnu\Summer\ConsoleApplication4\ConsoleApplication3.cpp(341,60): warning C4290: C++ exception specification ignored except to indicate a function is not __declspec(nothrow)
D:\Chnu\Summer\ConsoleApplication4\ConsoleApplication3.cpp(391,28): warning C4244: '=': conversion from 'double' to 'float', possible loss of data
D:\Chnu\Summer\ConsoleApplication4\ConsoleApplication3.cpp(405,28): warning C4244: '=': conversion from 'double' to 'float', possible loss of data
D:\Chnu\Summer\ConsoleApplication4\ConsoleApplication3.cpp(417,28): warning C4244: '=': conversion from 'double' to 'float', possible loss of data
D:\Chnu\Summer\ConsoleApplication4\ConsoleApplication3.cpp(426,16): warning C4244: 'initializing': conversion from 'double' to 'int', possible loss of data
D:\Chnu\Summer\ConsoleApplication4\ConsoleApplication3.cpp(428,22): warning C4244: '=': conversion from 'float' to 'int', possible loss of data
D:\Chnu\Summer\ConsoleApplication4\ConsoleApplication3.cpp(431,25): warning C4244: '=': conversion from 'float' to 'int', possible loss of data
D:\Chnu\Summer\ConsoleApplication4\ConsoleApplication3.cpp(441,29): warning C4244: '=': conversion from 'float' to 'int', possible loss of data
D:\Chnu\Summer\ConsoleApplication4\ConsoleApplication3.cpp(442,34): warning C4244: '=': conversion from 'float' to 'int', possible loss of data
D:\Chnu\Summer\ConsoleApplication4\ConsoleApplication3.cpp(443,32): warning C4244: '=': conversion from 'double' to 'int', possible loss of data
D:\Chnu\Summer\ConsoleApplication4\ConsoleApplication3.cpp(423,21): warning C4101: 'ue': unreferenced local variable
D:\Chnu\Summer\ConsoleApplication4\ConsoleApplication3.cpp(465,55): warning C4290: C++ exception specification ignored except to indicate a function is not __declspec(nothrow)
D:\Chnu\Summer\ConsoleApplication4\ConsoleApplication3.cpp(472,45): warning C4290: C++ exception specification ignored except to indicate a function is not __declspec(nothrow)
D:\Chnu\Summer\ConsoleApplication4\ConsoleApplication3.cpp(479,45): warning C4290: C++ exception specification ignored except to indicate a function is not __declspec(nothrow)
D:\Chnu\Summer\ConsoleApplication4\ConsoleApplication3.cpp(487,56): warning C4290: C++ exception specification ignored except to indicate a function is not __declspec(nothrow)
D:\Chnu\Summer\ConsoleApplication4\ConsoleApplication3.cpp(495,49): warning C4290: C++ exception specification ignored except to indicate a function is not __declspec(nothrow)
D:\Chnu\Summer\ConsoleApplication4\ConsoleApplication3.cpp(505,35): warning C4290: C++ exception specification ignored except to indicate a function is not __declspec(nothrow)
D:\Chnu\Summer\ConsoleApplication4\ConsoleApplication3.cpp(510,35): warning C4290: C++ exception specification ignored except to indicate a function is not __declspec(nothrow)
D:\Chnu\Summer\ConsoleApplication4\ConsoleApplication3.cpp(516,56): warning C4290: C++ exception specification ignored except to indicate a function is not __declspec(nothrow)
D:\Chnu\Summer\ConsoleApplication4\ConsoleApplication3.cpp(522,46): warning C4290: C++ exception specification ignored except to indicate a function is not __declspec(nothrow)
D:\Chnu\Summer\ConsoleApplication4\ConsoleApplication3.cpp(528,46): warning C4290: C++ exception specification ignored except to indicate a function is not __declspec(nothrow)
D:\Chnu\Summer\ConsoleApplication4\ConsoleApplication3.cpp(535,54): warning C4290: C++ exception specification ignored except to indicate a function is not __declspec(nothrow)
D:\Chnu\Summer\ConsoleApplication4\ConsoleApplication3.cpp(543,50): warning C4290: C++ exception specification ignored except to indicate a function is not __declspec(nothrow)
D:\Chnu\Summer\ConsoleApplication4\ConsoleApplication3.cpp(552,56): warning C4290: C++ exception specification ignored except to indicate a function is not __declspec(nothrow)
D:\Chnu\Summer\ConsoleApplication4\ConsoleApplication3.cpp(558,46): warning C4290: C++ exception specification ignored except to indicate a function is not __declspec(nothrow)
D:\Chnu\Summer\ConsoleApplication4\ConsoleApplication3.cpp(565,60): warning C4290: C++ exception specification ignored except to indicate a function is not __declspec(nothrow)
D:\Chnu\Summer\ConsoleApplication4\ConsoleApplication3.cpp(588,25): warning C4101: 'e': unreferenced local variable
D:\Chnu\Summer\ConsoleApplication4\ConsoleApplication3.cpp(594,25): warning C4101: 'e': unreferenced local variable
D:\Chnu\Summer\ConsoleApplication4\ConsoleApplication3.cpp(598,25): warning C4101: 'e': unreferenced local variable
  ConsoleApplication4.vcxproj -> D:\Chnu\Summer\oplab1-ValentinaOb\x64\Debug\ConsoleApplication3.exe
